<?xml version="1.0" encoding="UTF-8"?>
<!-- Generated by org.testng.reporters.JUnitReportReporter -->
<testsuite skipped="0" hostname="LAPTOP-KVFSDV75" name="Manipal.AppiumProject.AppTest" tests="1" failures="0" timestamp="03 Oct 2020 10:55:33 GMT" time="6.941" errors="0">
  <testcase name="test" time="6.941" classname="Manipal.AppiumProject.AppTest"/>
</testsuite> <!-- Manipal.AppiumProject.AppTest -->
