<?xml version="1.0" encoding="UTF-8"?>
<!-- Generated by org.testng.reporters.JUnitReportReporter -->
<testsuite skipped="0" hostname="LAPTOP-KVFSDV75" name="Manipal.AppiumProject.CreatedOnComputers" tests="1" failures="0" timestamp="03 Oct 2020 11:03:56 GMT" time="7.982" errors="0">
  <testcase name="test" time="7.982" classname="Manipal.AppiumProject.CreatedOnComputers"/>
</testsuite> <!-- Manipal.AppiumProject.CreatedOnComputers -->
